<?xml version="1.0" encoding="UTF-8"?>
<testng-results ignored="0" total="1" passed="1" failed="0" skipped="0">
  <reporter-output>
    <line>
      <![CDATA[No of rows are::4]]>
    </line>
    <line>
      <![CDATA[Stock-000003560   Stock-000003560]]>
    </line>
  </reporter-output>
  <suite started-at="2024-11-18T11:24:39 IST" name="Default suite" finished-at="2024-11-18T11:26:59 IST" duration-ms="140261">
    <groups>
    </groups>
    <test started-at="2024-11-18T11:24:39 IST" name="Default test" finished-at="2024-11-18T11:26:59 IST" duration-ms="140261">
      <class name="driverFactory.AppTest">
        <test-method signature="kickStart()[pri:0, instance:driverFactory.AppTest@55b699ef]" started-at="2024-11-18T11:24:39 IST" name="kickStart" finished-at="2024-11-18T11:26:59 IST" duration-ms="140178" status="PASS">
          <reporter-output>
            <line>
              <![CDATA[No of rows are::4]]>
            </line>
            <line>
              <![CDATA[Stock-000003560   Stock-000003560]]>
            </line>
          </reporter-output>
        </test-method> <!-- kickStart -->
      </class> <!-- driverFactory.AppTest -->
    </test> <!-- Default test -->
  </suite> <!-- Default suite -->
</testng-results>
